<?xml version="1.0" encoding="UTF-8"?>
<testng-results ignored="0" total="1" passed="1" failed="0" skipped="0">
  <reporter-output>
  </reporter-output>
  <suite started-at="2021-02-17T10:07:46Z" name="Default suite" finished-at="2021-02-17T10:08:02Z" duration-ms="16139">
    <groups>
    </groups>
    <test started-at="2021-02-17T10:07:46Z" name="Default test" finished-at="2021-02-17T10:08:02Z" duration-ms="16139">
      <class name="com.qa.testcases.Logintest">
        <test-method is-config="true" signature="openBrowser()[pri:0, instance:com.qa.testcases.Logintest@609cd4d8]" started-at="2021-02-17T10:07:46Z" name="openBrowser" finished-at="2021-02-17T10:07:55Z" duration-ms="8902" status="PASS">
          <reporter-output>
          </reporter-output>
        </test-method> <!-- openBrowser -->
        <test-method signature="Login()[pri:0, instance:com.qa.testcases.Logintest@609cd4d8]" started-at="2021-02-17T10:07:55Z" name="Login" finished-at="2021-02-17T10:08:01Z" duration-ms="6523" status="PASS">
          <reporter-output>
          </reporter-output>
        </test-method> <!-- Login -->
        <test-method is-config="true" signature="close()[pri:0, instance:com.qa.testcases.Logintest@609cd4d8]" started-at="2021-02-17T10:08:01Z" name="close" finished-at="2021-02-17T10:08:02Z" duration-ms="686" status="PASS">
          <reporter-output>
          </reporter-output>
        </test-method> <!-- close -->
      </class> <!-- com.qa.testcases.Logintest -->
    </test> <!-- Default test -->
  </suite> <!-- Default suite -->
</testng-results>
